
> esm@1.0.0 build /home/homa/code/cyberuni/ts-esm-interop/packages/esm
> run-p --aggregate-output -c --print-label build:cjs build:es2015 build:es2020 build:es2022 build:node16 build:nodenext

[build:es2015  ] 
[build:es2015  ] > esm@1.0.0 build:es2015 /home/homa/code/cyberuni/ts-esm-interop/packages/esm
[build:es2015  ] > tsc -p tsconfig.es2015.json || ncp ../package.cjs.json cjs/package.json
[build:es2015  ] 
[build:es2020  ] 
[build:es2020  ] > esm@1.0.0 build:es2020 /home/homa/code/cyberuni/ts-esm-interop/packages/esm
[build:es2020  ] > tsc -p tsconfig.es2020.json || ncp ../package.cjs.json cjs/package.json
[build:es2020  ] 
[build:node16  ] 
[build:node16  ] > esm@1.0.0 build:node16 /home/homa/code/cyberuni/ts-esm-interop/packages/esm
[build:node16  ] > tsc -p tsconfig.node16.json
[build:node16  ] 
[build:nodenext] 
[build:nodenext] > esm@1.0.0 build:nodenext /home/homa/code/cyberuni/ts-esm-interop/packages/esm
[build:nodenext] > tsc -p tsconfig.nodenext.json
[build:nodenext] 
[build:es2022  ] 
[build:es2022  ] > esm@1.0.0 build:es2022 /home/homa/code/cyberuni/ts-esm-interop/packages/esm
[build:es2022  ] > tsc -p tsconfig.es2022.json || ncp ../package.cjs.json cjs/package.json
[build:es2022  ] 
[build:cjs     ] 
[build:cjs     ] > esm@1.0.0 build:cjs /home/homa/code/cyberuni/ts-esm-interop/packages/esm
[build:cjs     ] > tsc -p tsconfig.cjs.json || ncp ../package.cjs.json cjs/package.json
[build:cjs     ] 
